<?xml version="1.0" encoding="UTF-8"?>
<testsuite name="TestSuite" time="16.583" tests="4" errors="0" skipped="0" failures="1">
  <properties>
[...]
</properties>
  <testcase name="runScenario" classname="runner.RunCuke" time="16.583"/>
  <testcase name="runScenario" classname="runner.RunCuke" time="15.739">
    <failure message="expected [New Bmw 1 Series Under 10000 for Sale ACT | carsguide] but found [New Bmw 1 Series Under 10000 for Sale ACT | carsguidee]" type="java.lang.AssertionError">java.lang.AssertionError: expected [New Bmw 1 Series Under 10000 for Sale ACT | carsguide] but found [New Bmw 1 Series Under 10000 for Sale ACT | carsguidee]
	at org.testng.Assert.fail(Assert.java:99)
	at org.testng.Assert.failNotEquals(Assert.java:1037)
	at org.testng.Assert.assertEqualsImpl(Assert.java:140)
	at org.testng.Assert.assertEquals(Assert.java:122)
	at org.testng.Assert.assertEquals(Assert.java:629)
	at org.testng.Assert.assertEquals(Assert.java:639)
	at steps.SearchNewCars.the_page_title_should_be_from_the_given_sheetname_and_row_number(SearchNewCars.java:92)
	at ✽.The page title should be from the given sheetname "searchNewCars" and row number 0(file:///K:/Selenium/Projects/Cucumber/src/test/resources/features/SearchNewCars.feature:14)
</failure>
    <system-out><![CDATA[
Scenario: Searching for new car with excel data                                          &amp#27;[90m# src/test/resources/features/SearchNewCars.feature:18&amp#27;[0m
Before
  &amp#27;[32mGiven &amp#27;[0m&amp#27;[32mOpen the page &amp#27;[0m&amp#27;[32m&amp#27;[1m"https://www.carsguide.com.au/"&amp#27;[0m                                    &amp#27;[90m# steps.SearchNewCars.open_the_page(java.lang.String)&amp#27;[0m
  &amp#27;[32mWhen &amp#27;[0m&amp#27;[32mnavigate to the menu buy+sell&amp#27;[0m                                                     &amp#27;[90m# steps.SearchNewCars.navigate_to_the_menu_buy_sell()&amp#27;[0m
  &amp#27;[32mAnd &amp#27;[0m&amp#27;[32mchoose the new car seach from menu&amp#27;[0m                                                 &amp#27;[90m# steps.SearchNewCars.choose_the_new_car_seach_from_menu()&amp#27;[0m
The make of the car is : BMW
  &amp#27;[32mAnd &amp#27;[0m&amp#27;[32mchoose make from the given sheetname &amp#27;[0m&amp#27;[32m&amp#27;[1m"searchNewCars"&amp#27;[0m&amp#27;[32m and row number &amp#27;[0m&amp#27;[32m&amp#27;[1m0&amp#27;[0m              &amp#27;[90m# steps.SearchNewCars.choose_make_from_the_given_sheetname_and_row_number(java.lang.String,java.lang.Integer)&amp#27;[0m
The make of the car is : 1 Series
  &amp#27;[32mAnd &amp#27;[0m&amp#27;[32mchoose model from the given sheetname &amp#27;[0m&amp#27;[32m&amp#27;[1m"searchNewCars"&amp#27;[0m&amp#27;[32m and row number &amp#27;[0m&amp#27;[32m&amp#27;[1m0&amp#27;[0m             &amp#27;[90m# steps.SearchNewCars.choose_model_from_the_given_sheetname_and_row_number(java.lang.String,java.lang.Integer)&amp#27;[0m
The make of the car is : ACT - All
  &amp#27;[32mAnd &amp#27;[0m&amp#27;[32mchoose location from the given sheetname &amp#27;[0m&amp#27;[32m&amp#27;[1m"searchNewCars"&amp#27;[0m&amp#27;[32m and row number &amp#27;[0m&amp#27;[32m&amp#27;[1m0&amp#27;[0m          &amp#27;[90m# steps.SearchNewCars.choose_location_from_the_given_sheetname_and_row_number(java.lang.String,java.lang.Integer)&amp#27;[0m
The make of the car is : $10,000
  &amp#27;[32mAnd &amp#27;[0m&amp#27;[32mchoose price from the given sheetname &amp#27;[0m&amp#27;[32m&amp#27;[1m"searchNewCars"&amp#27;[0m&amp#27;[32m and row number &amp#27;[0m&amp#27;[32m&amp#27;[1m0&amp#27;[0m             &amp#27;[90m# steps.SearchNewCars.choose_price_from_the_given_sheetname_and_row_number(java.lang.String,java.lang.Integer)&amp#27;[0m
  &amp#27;[32mAnd &amp#27;[0m&amp#27;[32mClick on Find_My_Next_Car button&amp#27;[0m                                                   &amp#27;[90m# steps.SearchCarsSteps.click_on_find_my_next_car_button()&amp#27;[0m
Cars List Found
  &amp#27;[32mThen &amp#27;[0m&amp#27;[32mI should see list of searched cars&amp#27;[0m                                                &amp#27;[90m# steps.SearchCarsSteps.i_should_see_list_of_searched_cars()&amp#27;[0m
The make of the car is : New Bmw 1 Series Under 10000 for Sale ACT | carsguidee
  &amp#27;[31mAnd &amp#27;[0m&amp#27;[31mThe page title should be from the given sheetname &amp#27;[0m&amp#27;[31m&amp#27;[1m"searchNewCars"&amp#27;[0m&amp#27;[31m and row number &amp#27;[0m&amp#27;[31m&amp#27;[1m0&amp#27;[0m &amp#27;[90m# steps.SearchNewCars.the_page_title_should_be_from_the_given_sheetname_and_row_number(java.lang.String,java.lang.Integer)&amp#27;[0m
      &amp#27;[31mjava.lang.AssertionError: expected [New Bmw 1 Series Under 10000 for Sale ACT | carsguide] but found [New Bmw 1 Series Under 10000 for Sale ACT | carsguidee]
	at org.testng.Assert.fail(Assert.java:99)
	at org.testng.Assert.failNotEquals(Assert.java:1037)
	at org.testng.Assert.assertEqualsImpl(Assert.java:140)
	at org.testng.Assert.assertEquals(Assert.java:122)
	at org.testng.Assert.assertEquals(Assert.java:629)
	at org.testng.Assert.assertEquals(Assert.java:639)
	at steps.SearchNewCars.the_page_title_should_be_from_the_given_sheetname_and_row_number(SearchNewCars.java:92)
	at âœ½.The page title should be from the given sheetname "searchNewCars" and row number 0(file:///K:/Selenium/Projects/Cucumber/src/test/resources/features/SearchNewCars.feature:14)
&amp#27;[0m
true

    Embedding ScreenShot For the failure [image/png 324249 bytes]

]]></system-out>
    <system-err><![CDATA[Starting ChromeDriver 96.0.4664.45 (76e4c1bb2ab4671b8beba3444e61c0f17584b2fc-refs/branch-heads/4664@{#947}) on port 9727
Only local connections are allowed.
Please see https://chromedriver.chromium.org/security-considerations for suggestions on keeping ChromeDriver safe.
ChromeDriver was started successfully.
Dec 30, 2021 1:03:29 PM org.openqa.selenium.remote.ProtocolHandshake createSession
INFO: Detected dialect: W3C
ERROR StatusLogger Log4j2 could not find a logging implementation. Please add log4j-core to the classpath. Using SimpleLogger to log to the console...
Cleaning up unclosed ZipFile for archive K:\Selenium\Projects\Cucumber\src\test\resources\excelData.xlsx
Cleaning up unclosed ZipFile for archive K:\Selenium\Projects\Cucumber\src\test\resources\excelData.xlsx
Cleaning up unclosed ZipFile for archive K:\Selenium\Projects\Cucumber\src\test\resources\excelData.xlsx
Cleaning up unclosed ZipFile for archive K:\Selenium\Projects\Cucumber\src\test\resources\excelData.xlsx
Cleaning up unclosed ZipFile for archive K:\Selenium\Projects\Cucumber\src\test\resources\excelData.xlsx
]]></system-err>
  </testcase>
  <testcase name="runScenario" classname="runner.RunCuke" time="18.663"/>
  <testcase name="runScenario" classname="runner.RunCuke" time="11.234"/>
</testsuite>